<?xml version="1.0" encoding="UTF-8"?>
<!-- Generated by org.testng.reporters.JUnitXMLReporter -->
<testsuite hostname="Hayabusa" ignored="0" name="FirstTest" tests="1" failures="1" timestamp="02 thg 7 2019 16:40:41 GMT" time="21.822" errors="0">
  <testcase name="@AfterMethod postCondition" time="0.031" classname="com.logigear.test.ta_dashboard.testcases.DataProfileTest">
    <failure type="java.util.MissingFormatArgumentException" message="Format specifier &amp;apos;%d&amp;apos;">
      <![CDATA[java.util.MissingFormatArgumentException: Format specifier '%d'
at java.util.Formatter.format(Formatter.java:2519)
at java.util.Formatter.format(Formatter.java:2455)
at java.lang.String.format(String.java:2940)
at com.logigear.test.ta_dashboard.pom.GeneralPage.selectMenuItem(GeneralPage.java:91)
at com.logigear.test.ta_dashboard.pom.GeneralPage.gotoDataProfilesPage(GeneralPage.java:271)
at com.logigear.test.ta_dashboard.testcases.DataProfileTest.postCondition(DataProfileTest.java:88)
at java.util.concurrent.ThreadPoolExecutor.runWorker(ThreadPoolExecutor.java:1142)
at java.util.concurrent.ThreadPoolExecutor$Worker.run(ThreadPoolExecutor.java:617)
at java.lang.Thread.run(Thread.java:745)
... Removed 13 stack frames]]>
    </failure>
  </testcase> <!-- @AfterMethod postCondition -->
  <testcase name="TC_DA_DP_TC097" time="0.094" classname="com.logigear.test.ta_dashboard.testcases.DataProfileTest">
    <failure type="java.lang.NullPointerException">
      <![CDATA[java.lang.NullPointerException
at java.util.Objects.requireNonNull(Objects.java:203)
at org.openqa.selenium.support.ui.FluentWait.<init>(FluentWait.java:115)
at org.openqa.selenium.support.ui.WebDriverWait.<init>(WebDriverWait.java:102)
at org.openqa.selenium.support.ui.WebDriverWait.<init>(WebDriverWait.java:45)
at com.logigear.testfw.driver.BaseDriver.waitForDisplay(BaseDriver.java:111)
at com.logigear.testfw.element.BaseElement.waitForDisplay(BaseElement.java:77)
at com.logigear.testfw.element.Element.waitForDisplay(Element.java:1)
at com.logigear.testfw.element.Element.selection(Element.java:203)
at com.logigear.testfw.element.Element.selectByValue(Element.java:277)
at com.logigear.testfw.element.Element.selectByValue(Element.java:291)
at com.logigear.test.ta_dashboard.pom.LoginPage.login(LoginPage.java:37)
at com.logigear.test.ta_dashboard.testcases.Precondition.preconditionLoginValid(Precondition.java:21)
at com.logigear.test.ta_dashboard.testcases.DataProfileTest.TC_DA_DP_TC097(DataProfileTest.java:47)
at java.util.concurrent.ThreadPoolExecutor.runWorker(ThreadPoolExecutor.java:1142)
at java.util.concurrent.ThreadPoolExecutor$Worker.run(ThreadPoolExecutor.java:617)
at java.lang.Thread.run(Thread.java:745)
... Removed 10 stack frames]]>
    </failure>
  </testcase> <!-- TC_DA_DP_TC097 -->
</testsuite> <!-- FirstTest -->
