<?xml version="1.0" encoding="UTF-8"?>
<testng-results skipped="0" failed="1" ignored="0" total="1" passed="0">
  <reporter-output>
  </reporter-output>
  <suite name="Suite" duration-ms="21822" started-at="2019-07-02T16:40:19Z" finished-at="2019-07-02T16:40:41Z">
    <groups>
    </groups>
    <test name="FirstTest" duration-ms="21822" started-at="2019-07-02T16:40:19Z" finished-at="2019-07-02T16:40:41Z">
      <class name="com.logigear.test.ta_dashboard.testcases.DataProfileTest">
        <test-method status="PASS" signature="beforeMethod(java.lang.String, java.lang.reflect.Method, org.testng.ITestContext)[pri:0, instance:com.logigear.test.ta_dashboard.testcases.DataProfileTest@604ed9f0]" name="beforeMethod" is-config="true" duration-ms="21650" started-at="2019-07-02T16:40:19Z" finished-at="2019-07-02T16:40:40Z">
          <params>
            <param index="0">
              <value>
                <![CDATA[windows-chrome]]>
              </value>
            </param>
            <param index="1">
              <value>
                <![CDATA[public void com.logigear.test.ta_dashboard.testcases.DataProfileTest.TC_DA_DP_TC097()]]>
              </value>
            </param>
            <param index="2">
              <value>
                <![CDATA[org.testng.TestRunner@6b09bb57]]>
              </value>
            </param>
          </params>
          <reporter-output>
          </reporter-output>
        </test-method> <!-- beforeMethod -->
        <test-method status="FAIL" signature="TC_DA_DP_TC097()[pri:0, instance:com.logigear.test.ta_dashboard.testcases.DataProfileTest@604ed9f0]" name="TC_DA_DP_TC097" duration-ms="94" started-at="2019-07-02T16:40:40Z" finished-at="2019-07-02T16:40:41Z">
          <exception class="java.lang.NullPointerException">
            <full-stacktrace>
              <![CDATA[java.lang.NullPointerException
at java.util.Objects.requireNonNull(Objects.java:203)
at org.openqa.selenium.support.ui.FluentWait.<init>(FluentWait.java:115)
at org.openqa.selenium.support.ui.WebDriverWait.<init>(WebDriverWait.java:102)
at org.openqa.selenium.support.ui.WebDriverWait.<init>(WebDriverWait.java:45)
at com.logigear.testfw.driver.BaseDriver.waitForDisplay(BaseDriver.java:111)
at com.logigear.testfw.element.BaseElement.waitForDisplay(BaseElement.java:77)
at com.logigear.testfw.element.Element.waitForDisplay(Element.java:1)
at com.logigear.testfw.element.Element.selection(Element.java:203)
at com.logigear.testfw.element.Element.selectByValue(Element.java:277)
at com.logigear.testfw.element.Element.selectByValue(Element.java:291)
at com.logigear.test.ta_dashboard.pom.LoginPage.login(LoginPage.java:37)
at com.logigear.test.ta_dashboard.testcases.Precondition.preconditionLoginValid(Precondition.java:21)
at com.logigear.test.ta_dashboard.testcases.DataProfileTest.TC_DA_DP_TC097(DataProfileTest.java:47)
at sun.reflect.NativeMethodAccessorImpl.invoke0(Native Method)
at sun.reflect.NativeMethodAccessorImpl.invoke(NativeMethodAccessorImpl.java:62)
at sun.reflect.DelegatingMethodAccessorImpl.invoke(DelegatingMethodAccessorImpl.java:43)
at java.lang.reflect.Method.invoke(Method.java:498)
at org.testng.internal.MethodInvocationHelper.invokeMethod(MethodInvocationHelper.java:124)
at org.testng.internal.Invoker.invokeMethod(Invoker.java:583)
at org.testng.internal.Invoker.invokeTestMethod(Invoker.java:719)
at org.testng.internal.Invoker.invokeTestMethods(Invoker.java:989)
at org.testng.internal.TestMethodWorker.invokeTestMethods(TestMethodWorker.java:125)
at org.testng.internal.TestMethodWorker.run(TestMethodWorker.java:109)
at java.util.concurrent.ThreadPoolExecutor.runWorker(ThreadPoolExecutor.java:1142)
at java.util.concurrent.ThreadPoolExecutor$Worker.run(ThreadPoolExecutor.java:617)
at java.lang.Thread.run(Thread.java:745)
]]>
            </full-stacktrace>
          </exception> <!-- java.lang.NullPointerException -->
          <reporter-output>
          </reporter-output>
        </test-method> <!-- TC_DA_DP_TC097 -->
        <test-method status="FAIL" signature="postCondition()[pri:0, instance:com.logigear.test.ta_dashboard.testcases.DataProfileTest@604ed9f0]" name="postCondition" is-config="true" duration-ms="31" started-at="2019-07-02T16:40:41Z" finished-at="2019-07-02T16:40:41Z">
          <exception class="java.util.MissingFormatArgumentException">
            <message>
              <![CDATA[Format specifier '%d']]>
            </message>
            <full-stacktrace>
              <![CDATA[java.util.MissingFormatArgumentException: Format specifier '%d'
at java.util.Formatter.format(Formatter.java:2519)
at java.util.Formatter.format(Formatter.java:2455)
at java.lang.String.format(String.java:2940)
at com.logigear.test.ta_dashboard.pom.GeneralPage.selectMenuItem(GeneralPage.java:91)
at com.logigear.test.ta_dashboard.pom.GeneralPage.gotoDataProfilesPage(GeneralPage.java:271)
at com.logigear.test.ta_dashboard.testcases.DataProfileTest.postCondition(DataProfileTest.java:88)
at sun.reflect.NativeMethodAccessorImpl.invoke0(Native Method)
at sun.reflect.NativeMethodAccessorImpl.invoke(NativeMethodAccessorImpl.java:62)
at sun.reflect.DelegatingMethodAccessorImpl.invoke(DelegatingMethodAccessorImpl.java:43)
at java.lang.reflect.Method.invoke(Method.java:498)
at org.testng.internal.MethodInvocationHelper.invokeMethod(MethodInvocationHelper.java:124)
at org.testng.internal.MethodInvocationHelper.invokeMethodConsideringTimeout(MethodInvocationHelper.java:59)
at org.testng.internal.Invoker.invokeConfigurationMethod(Invoker.java:458)
at org.testng.internal.Invoker.invokeConfigurations(Invoker.java:222)
at org.testng.internal.Invoker.invokeMethod(Invoker.java:646)
at org.testng.internal.Invoker.invokeTestMethod(Invoker.java:719)
at org.testng.internal.Invoker.invokeTestMethods(Invoker.java:989)
at org.testng.internal.TestMethodWorker.invokeTestMethods(TestMethodWorker.java:125)
at org.testng.internal.TestMethodWorker.run(TestMethodWorker.java:109)
at java.util.concurrent.ThreadPoolExecutor.runWorker(ThreadPoolExecutor.java:1142)
at java.util.concurrent.ThreadPoolExecutor$Worker.run(ThreadPoolExecutor.java:617)
at java.lang.Thread.run(Thread.java:745)
]]>
            </full-stacktrace>
          </exception> <!-- java.util.MissingFormatArgumentException -->
          <reporter-output>
          </reporter-output>
        </test-method> <!-- postCondition -->
        <test-method status="PASS" signature="cleanUp(org.testng.ITestResult)[pri:0, instance:com.logigear.test.ta_dashboard.testcases.DataProfileTest@604ed9f0]" name="cleanUp" is-config="true" duration-ms="0" started-at="2019-07-02T16:40:41Z" finished-at="2019-07-02T16:40:41Z">
          <params>
            <param index="0">
              <value>
                <![CDATA[[TestResult name=TC_DA_DP_TC097 status=FAILURE method=DataProfileTest.TC_DA_DP_TC097()[pri:0, instance:com.logigear.test.ta_dashboard.testcases.DataProfileTest@604ed9f0] output={null}]]]>
              </value>
            </param>
          </params>
          <reporter-output>
          </reporter-output>
        </test-method> <!-- cleanUp -->
      </class> <!-- com.logigear.test.ta_dashboard.testcases.DataProfileTest -->
    </test> <!-- FirstTest -->
  </suite> <!-- Suite -->
</testng-results>
