<?xml version="1.0" encoding="UTF-8"?>
<!-- Generated by org.testng.reporters.JUnitReportReporter -->
<testsuite skipped="0" hostname="Hayabusa" name="com.logigear.test.ta_dashboard.testcases.PanelTest" tests="1" failures="0" timestamp="19 thg 6 2019 15:13:55 GMT" time="10.856" errors="1">
  <testcase name="TC064_Verify_that_Check_All_Uncheck_All_links_are_working_correctly" time="10.856" classname="com.logigear.test.ta_dashboard.testcases.PanelTest">
    <error type="org.openqa.selenium.NoSuchElementException" message="Cannot locate option with value: administrator
For documentation on this error, please visit: http://seleniumhq.org/exceptions/no_such_element.html
Build info: version: &#039;3.14.0&#039;, revision: &#039;aacccce0&#039;, time: &#039;2018-08-02T20:19:58.91Z&#039;
System info: host: &#039;HAYABUSA&#039;, ip: &#039;192.168.161.2&#039;, os.name: &#039;Windows 10&#039;, os.arch: &#039;amd64&#039;, os.version: &#039;10.0&#039;, java.version: &#039;1.8.0_111&#039;
Driver info: driver.version: unknown">
      <![CDATA[org.openqa.selenium.NoSuchElementException: Cannot locate option with value: administrator
For documentation on this error, please visit: http://seleniumhq.org/exceptions/no_such_element.html
Build info: version: '3.14.0', revision: 'aacccce0', time: '2018-08-02T20:19:58.91Z'
System info: host: 'HAYABUSA', ip: '192.168.161.2', os.name: 'Windows 10', os.arch: 'amd64', os.version: '10.0', java.version: '1.8.0_111'
Driver info: driver.version: unknown
at org.openqa.selenium.support.ui.Select.selectByValue(Select.java:209)
at com.logigear.testfw.element.Element.selectByValue(Element.java:268)
at com.logigear.testfw.element.Element.selectByValue(Element.java:282)
at com.logigear.test.ta_dashboard.pom.LoginPage.login(LoginPage.java:38)
at com.logigear.testfw.common.BaseTest.precondition(BaseTest.java:77)
at com.logigear.test.ta_dashboard.testcases.PanelTest.TC064_Verify_that_Check_All_Uncheck_All_links_are_working_correctly(PanelTest.java:27)
at sun.reflect.NativeMethodAccessorImpl.invoke0(Native Method)
at sun.reflect.NativeMethodAccessorImpl.invoke(NativeMethodAccessorImpl.java:62)
at sun.reflect.DelegatingMethodAccessorImpl.invoke(DelegatingMethodAccessorImpl.java:43)
at java.lang.reflect.Method.invoke(Method.java:498)
at org.testng.internal.MethodInvocationHelper.invokeMethod(MethodInvocationHelper.java:124)
at org.testng.internal.Invoker.invokeMethod(Invoker.java:583)
at org.testng.internal.Invoker.invokeTestMethod(Invoker.java:719)
at org.testng.internal.Invoker.invokeTestMethods(Invoker.java:989)
at org.testng.internal.TestMethodWorker.invokeTestMethods(TestMethodWorker.java:125)
at org.testng.internal.TestMethodWorker.run(TestMethodWorker.java:109)
at java.util.concurrent.ThreadPoolExecutor.runWorker(ThreadPoolExecutor.java:1142)
at java.util.concurrent.ThreadPoolExecutor$Worker.run(ThreadPoolExecutor.java:617)
at java.lang.Thread.run(Thread.java:745)
]]>
    </error>
  </testcase> <!-- TC064_Verify_that_Check_All_Uncheck_All_links_are_working_correctly -->
</testsuite> <!-- com.logigear.test.ta_dashboard.testcases.PanelTest -->
