<?xml version="1.0" encoding="UTF-8"?>
<!-- Generated by org.testng.reporters.JUnitReportReporter -->
<testsuite skipped="0" hostname="Hayabusa" name="com.logigear.test.ta_dashboard.testcases.DataProfileTest" tests="2" failures="0" timestamp="02 thg 7 2019 16:40:41 GMT" time="21.775" errors="2">
  <testcase name="TC_DA_DP_TC097" time="21.744" classname="com.logigear.test.ta_dashboard.testcases.DataProfileTest">
    <error type="java.lang.NullPointerException">
      <![CDATA[java.lang.NullPointerException
at java.util.Objects.requireNonNull(Objects.java:203)
at org.openqa.selenium.support.ui.FluentWait.<init>(FluentWait.java:115)
at org.openqa.selenium.support.ui.WebDriverWait.<init>(WebDriverWait.java:102)
at org.openqa.selenium.support.ui.WebDriverWait.<init>(WebDriverWait.java:45)
at com.logigear.testfw.driver.BaseDriver.waitForDisplay(BaseDriver.java:111)
at com.logigear.testfw.element.BaseElement.waitForDisplay(BaseElement.java:77)
at com.logigear.testfw.element.Element.waitForDisplay(Element.java:1)
at com.logigear.testfw.element.Element.selection(Element.java:203)
at com.logigear.testfw.element.Element.selectByValue(Element.java:277)
at com.logigear.testfw.element.Element.selectByValue(Element.java:291)
at com.logigear.test.ta_dashboard.pom.LoginPage.login(LoginPage.java:37)
at com.logigear.test.ta_dashboard.testcases.Precondition.preconditionLoginValid(Precondition.java:21)
at com.logigear.test.ta_dashboard.testcases.DataProfileTest.TC_DA_DP_TC097(DataProfileTest.java:47)
at sun.reflect.NativeMethodAccessorImpl.invoke0(Native Method)
at sun.reflect.NativeMethodAccessorImpl.invoke(NativeMethodAccessorImpl.java:62)
at sun.reflect.DelegatingMethodAccessorImpl.invoke(DelegatingMethodAccessorImpl.java:43)
at java.lang.reflect.Method.invoke(Method.java:498)
at org.testng.internal.MethodInvocationHelper.invokeMethod(MethodInvocationHelper.java:124)
at org.testng.internal.Invoker.invokeMethod(Invoker.java:583)
at org.testng.internal.Invoker.invokeTestMethod(Invoker.java:719)
at org.testng.internal.Invoker.invokeTestMethods(Invoker.java:989)
at org.testng.internal.TestMethodWorker.invokeTestMethods(TestMethodWorker.java:125)
at org.testng.internal.TestMethodWorker.run(TestMethodWorker.java:109)
at java.util.concurrent.ThreadPoolExecutor.runWorker(ThreadPoolExecutor.java:1142)
at java.util.concurrent.ThreadPoolExecutor$Worker.run(ThreadPoolExecutor.java:617)
at java.lang.Thread.run(Thread.java:745)
]]>
    </error>
  </testcase> <!-- TC_DA_DP_TC097 -->
  <testcase name="postCondition" time="0.031" classname="com.logigear.test.ta_dashboard.testcases.DataProfileTest">
    <error type="java.util.MissingFormatArgumentException" message="Format specifier &#039;%d&#039;">
      <![CDATA[java.util.MissingFormatArgumentException: Format specifier '%d'
at java.util.Formatter.format(Formatter.java:2519)
at java.util.Formatter.format(Formatter.java:2455)
at java.lang.String.format(String.java:2940)
at com.logigear.test.ta_dashboard.pom.GeneralPage.selectMenuItem(GeneralPage.java:91)
at com.logigear.test.ta_dashboard.pom.GeneralPage.gotoDataProfilesPage(GeneralPage.java:271)
at com.logigear.test.ta_dashboard.testcases.DataProfileTest.postCondition(DataProfileTest.java:88)
at sun.reflect.NativeMethodAccessorImpl.invoke0(Native Method)
at sun.reflect.NativeMethodAccessorImpl.invoke(NativeMethodAccessorImpl.java:62)
at sun.reflect.DelegatingMethodAccessorImpl.invoke(DelegatingMethodAccessorImpl.java:43)
at java.lang.reflect.Method.invoke(Method.java:498)
at org.testng.internal.MethodInvocationHelper.invokeMethod(MethodInvocationHelper.java:124)
at org.testng.internal.MethodInvocationHelper.invokeMethodConsideringTimeout(MethodInvocationHelper.java:59)
at org.testng.internal.Invoker.invokeConfigurationMethod(Invoker.java:458)
at org.testng.internal.Invoker.invokeConfigurations(Invoker.java:222)
at org.testng.internal.Invoker.invokeMethod(Invoker.java:646)
at org.testng.internal.Invoker.invokeTestMethod(Invoker.java:719)
at org.testng.internal.Invoker.invokeTestMethods(Invoker.java:989)
at org.testng.internal.TestMethodWorker.invokeTestMethods(TestMethodWorker.java:125)
at org.testng.internal.TestMethodWorker.run(TestMethodWorker.java:109)
at java.util.concurrent.ThreadPoolExecutor.runWorker(ThreadPoolExecutor.java:1142)
at java.util.concurrent.ThreadPoolExecutor$Worker.run(ThreadPoolExecutor.java:617)
at java.lang.Thread.run(Thread.java:745)
]]>
    </error>
  </testcase> <!-- postCondition -->
</testsuite> <!-- com.logigear.test.ta_dashboard.testcases.DataProfileTest -->
